This file contains any messages produced by compilers while
running configure, to aid debugging if configure makes a mistake.

It was created by libusb configure 1.0.20, which was
generated by GNU Autoconf 2.69.  Invocation command line was

  $ ./configure 

## --------- ##
## Platform. ##
## --------- ##

hostname = JS
uname -m = i686
uname -r = 1.0.18(0.48/3/2)
uname -s = MINGW32_NT-6.2
uname -v = 2012-11-21 22:34

/usr/bin/uname -p = unknown
/bin/uname -X     = unknown

/bin/arch              = unknown
/usr/bin/arch -k       = unknown
/usr/convex/getsysinfo = unknown
/usr/bin/hostinfo      = unknown
/bin/machine           = unknown
/usr/bin/oslevel       = unknown
/bin/universe          = unknown

PATH: .
PATH: /usr/local/bin
PATH: /mingw/bin
PATH: /bin
PATH: /c/Program Files (x86)/Intel/iCLS Client/
PATH: /c/Program Files/Intel/iCLS Client/
PATH: /c/Program Files (x86)/NVIDIA Corporation/PhysX/Common
PATH: /c/Windows/system32
PATH: /c/Windows
PATH: /c/Windows/System32/Wbem
PATH: /c/Windows/System32/WindowsPowerShell/v1.0/
PATH: /c/Program Files (x86)/Acer/abFiles/
PATH: /c/Program Files/Intel/Intel(R) Management Engine Components/DAL
PATH: /c/Program Files (x86)/Intel/Intel(R) Management Engine Components/DAL
PATH: /c/Program Files/Intel/Intel(R) Management Engine Components/IPT
PATH: /c/Program Files (x86)/Intel/Intel(R) Management Engine Components/IPT
PATH: /c/Program Files/Intel/WiFi/bin/
PATH: /c/Program Files/Common Files/Intel/WirelessCommon/
PATH: /c/MinGW/bin
PATH: /c/Program Files (x86)/Microchip/MPLAB C32 Suite/bin
PATH: /c/CooCox/CoIDE_V2Beta/bin
PATH: /c/Program Files (x86)/CoIDE_V2Beta/bin
PATH: /c/CooCox/CoIDE_V2Beta/gcc/bin
PATH: /c/Program Files (x86)/Skype/Phone/
PATH: /c/altera/91/modelsim_ase/win32aloem
PATH: /c/Program Files (x86)/Microchip/MPLAB C30/bin
PATH: /c/JS/Ruby22-x64/bin
PATH: /c/MinGW/bin
PATH: /c/Modeltech_pe_edu_10.4a/win32pe_edu
PATH: /c/Program Files (x86)/GNU Tools ARM Embedded/4.9 2015q3/bin
PATH: /c/Program Files (x86)/STMicroelectronics/STM32 ST-LINK Utility/ST-LINK Utility
PATH: /usr/bin


## ----------- ##
## Core tests. ##
## ----------- ##

configure:2421: checking for a BSD-compatible install
configure:2489: result: /bin/install -c
configure:2500: checking whether build environment is sane
configure:2555: result: yes
configure:2706: checking for a thread-safe mkdir -p
configure:2745: result: /bin/mkdir -p
configure:2752: checking for gawk
configure:2768: found /bin/gawk
configure:2779: result: gawk
configure:2790: checking whether make sets $(MAKE)
configure:2812: result: yes
configure:2841: checking whether make supports nested variables
configure:2858: result: yes
configure:2985: checking whether to enable maintainer-specific portions of Makefiles
configure:2994: result: no
configure:3023: checking whether make supports nested variables
configure:3040: result: yes
configure:3101: checking for gcc
configure:3117: found /c/MinGW/bin/gcc
configure:3128: result: gcc
configure:3357: checking for C compiler version
configure:3366: gcc --version >&5
gcc.exe (GCC) 4.8.1
Copyright (C) 2013 Free Software Foundation, Inc.
This is free software; see the source for copying conditions.  There is NO
warranty; not even for MERCHANTABILITY or FITNESS FOR A PARTICULAR PURPOSE.

configure:3377: $? = 0
configure:3366: gcc -v >&5
Using built-in specs.
COLLECT_GCC=c:\MinGW\bin\gcc.exe
COLLECT_LTO_WRAPPER=c:/mingw/bin/../libexec/gcc/mingw32/4.8.1/lto-wrapper.exe
Target: mingw32
Configured with: ../gcc-4.8.1/configure --prefix=/mingw --host=mingw32 --build=mingw32 --without-pic --enable-shared --enable-static --with-gnu-ld --enable-lto --enable-libssp --disable-multilib --enable-languages=c,c++,fortran,objc,obj-c++,ada --disable-sjlj-exceptions --with-dwarf2 --disable-win32-registry --enable-libstdcxx-debug --enable-version-specific-runtime-libs --with-gmp=/usr/src/pkg/gmp-5.1.2-1-mingw32-src/bld --with-mpc=/usr/src/pkg/mpc-1.0.1-1-mingw32-src/bld --with-mpfr= --with-system-zlib --with-gnu-as --enable-decimal-float=yes --enable-libgomp --enable-threads --with-libiconv-prefix=/mingw32 --with-libintl-prefix=/mingw --disable-bootstrap LDFLAGS=-s CFLAGS=-D_USE_32BIT_TIME_T
Thread model: win32
gcc version 4.8.1 (GCC) 
configure:3377: $? = 0
configure:3366: gcc -V >&5
gcc.exe: error: unrecognized command line option '-V'
gcc.exe: fatal error: no input files
compilation terminated.
configure:3377: $? = 1
configure:3366: gcc -qversion >&5
gcc.exe: error: unrecognized command line option '-qversion'
gcc.exe: fatal error: no input files
compilation terminated.
configure:3377: $? = 1
configure:3397: checking whether the C compiler works
configure:3419: gcc    conftest.c  >&5
configure:3423: $? = 0
configure:3471: result: yes
configure:3474: checking for C compiler default output file name
configure:3476: result: a.exe
configure:3482: checking for suffix of executables
configure:3489: gcc -o conftest.exe    conftest.c  >&5
configure:3493: $? = 0
configure:3515: result: .exe
configure:3537: checking whether we are cross compiling
configure:3545: gcc -o conftest.exe    conftest.c  >&5
configure:3549: $? = 0
configure:3556: ./conftest.exe
configure:3560: $? = 0
configure:3575: result: no
configure:3580: checking for suffix of object files
configure:3602: gcc -c   conftest.c >&5
configure:3606: $? = 0
configure:3627: result: o
configure:3631: checking whether we are using the GNU C compiler
configure:3650: gcc -c   conftest.c >&5
configure:3650: $? = 0
configure:3659: result: yes
configure:3668: checking whether gcc accepts -g
configure:3688: gcc -c -g  conftest.c >&5
configure:3688: $? = 0
configure:3729: result: yes
configure:3746: checking for gcc option to accept ISO C89
configure:3809: gcc  -c -g -O2  conftest.c >&5
configure:3809: $? = 0
configure:3822: result: none needed
configure:3847: checking whether gcc understands -c and -o together
configure:3869: gcc -c conftest.c -o conftest2.o
configure:3872: $? = 0
configure:3869: gcc -c conftest.c -o conftest2.o
configure:3872: $? = 0
configure:3884: result: yes
configure:3912: checking for style of include used by make
configure:3940: result: GNU
configure:3966: checking dependency style of gcc
configure:4077: result: gcc3
configure:4121: checking build system type
configure:4135: result: i686-pc-mingw32
configure:4155: checking host system type
configure:4168: result: i686-pc-mingw32
configure:4209: checking how to print strings
configure:4236: result: printf
configure:4257: checking for a sed that does not truncate output
configure:4321: result: /bin/sed
configure:4339: checking for grep that handles long lines and -e
configure:4397: result: /bin/grep
configure:4402: checking for egrep
configure:4464: result: /bin/grep -E
configure:4469: checking for fgrep
configure:4531: result: /bin/grep -F
configure:4566: checking for ld used by gcc
configure:4633: result: c:/mingw/mingw32/bin/ld.exe
configure:4640: checking if the linker (c:/mingw/mingw32/bin/ld.exe) is GNU ld
configure:4655: result: yes
configure:4667: checking for BSD- or MS-compatible name lister (nm)
configure:4716: result: /c/MinGW/bin/nm
configure:4846: checking the name lister (/c/MinGW/bin/nm) interface
configure:4853: gcc -c -g -O2  conftest.c >&5
configure:4856: /c/MinGW/bin/nm "conftest.o"
configure:4859: output
00000000 b .bss
00000000 d .data
00000000 N .debug_abbrev
00000000 N .debug_aranges
00000000 N .debug_info
00000000 N .debug_line
00000000 r .rdata$zzz
00000000 t .text
00000000 B _some_variable
configure:4866: result: BSD nm
configure:4869: checking whether ln -s works
configure:4876: result: no, using cp -pR
configure:4881: checking the maximum length of command line arguments
configure:5011: result: 8192
configure:5028: checking whether the shell understands some XSI constructs
configure:5038: result: yes
configure:5042: checking whether the shell understands "+="
configure:5048: result: yes
configure:5083: checking how to convert i686-pc-mingw32 file names to i686-pc-mingw32 format
configure:5123: result: func_convert_file_msys_to_w32
configure:5130: checking how to convert i686-pc-mingw32 file names to toolchain format
configure:5150: result: func_convert_file_msys_to_w32
configure:5157: checking for c:/mingw/mingw32/bin/ld.exe option to reload object files
configure:5164: result: -r
configure:5238: checking for objdump
configure:5254: found /c/MinGW/bin/objdump
configure:5265: result: objdump
configure:5297: checking how to recognize dependent libraries
configure:5499: result: file_magic ^x86 archive import|^x86 DLL
configure:5584: checking for dlltool
configure:5600: found /c/MinGW/bin/dlltool
configure:5611: result: dlltool
configure:5644: checking how to associate runtime and link libraries
configure:5671: result: func_cygming_dll_for_implib
configure:5732: checking for ar
configure:5748: found /c/MinGW/bin/ar
configure:5759: result: ar
configure:5796: checking for archiver @FILE support
configure:5813: gcc -c -g -O2  conftest.c >&5
configure:5813: $? = 0
configure:5816: ar cru libconftest.a @conftest.lst >&5
configure:5819: $? = 0
configure:5824: ar cru libconftest.a @conftest.lst >&5
c:\MinGW\bin\ar.exe: conftest.o: No such file or directory
configure:5827: $? = 1
configure:5839: result: @
configure:5897: checking for strip
configure:5913: found /c/MinGW/bin/strip
configure:5924: result: strip
configure:5996: checking for ranlib
configure:6012: found /c/MinGW/bin/ranlib
configure:6023: result: ranlib
configure:6125: checking command to parse /c/MinGW/bin/nm output from gcc object
configure:6245: gcc -c -g -O2  conftest.c >&5
configure:6248: $? = 0
configure:6252: /c/MinGW/bin/nm conftest.o \| sed -n -e 's/^.*[ ]\([ABCDGIRSTW][ABCDGIRSTW]*\)[ ][ ]*\([_A-Za-z][_A-Za-z0-9]*\)\{0,1\}$/\1 \2 \2/p' | sed '/ __gnu_lto/d' \> conftest.nm
configure:6255: $? = 0
cannot find nm_test_var in conftest.nm
configure:6245: gcc -c -g -O2  conftest.c >&5
configure:6248: $? = 0
configure:6252: /c/MinGW/bin/nm conftest.o \| sed -n -e 's/^.*[ ]\([ABCDGIRSTW][ABCDGIRSTW]*\)[ ][ ]*_\([_A-Za-z][_A-Za-z0-9]*\)\{0,1\}$/\1 _\2 \2/p' | sed '/ __gnu_lto/d' \> conftest.nm
configure:6255: $? = 0
configure:6321: gcc -o conftest.exe -g -O2   conftest.c conftstm.o >&5
configure:6324: $? = 0
configure:6362: result: ok
configure:6399: checking for sysroot
configure:6429: result: no
configure:6691: checking for mt
configure:6721: result: no
configure:6741: checking if : is a manifest tool
configure:6747: : '-?'
configure:6755: result: no
configure:7397: checking how to run the C preprocessor
configure:7428: gcc -E  conftest.c
configure:7428: $? = 0
configure:7442: gcc -E  conftest.c
conftest.c:11:28: fatal error: ac_nonexistent.h: No such file or directory
 #include <ac_nonexistent.h>
                            ^
compilation terminated.
configure:7442: $? = 1
configure: failed program was:
| /* confdefs.h */
| #define PACKAGE_NAME "libusb"
| #define PACKAGE_TARNAME "libusb"
| #define PACKAGE_VERSION "1.0.20"
| #define PACKAGE_STRING "libusb 1.0.20"
| #define PACKAGE_BUGREPORT "libusb-devel@lists.sourceforge.net"
| #define PACKAGE_URL "http://libusb.info"
| #define PACKAGE "libusb"
| #define VERSION "1.0.20"
| /* end confdefs.h.  */
| #include <ac_nonexistent.h>
configure:7467: result: gcc -E
configure:7487: gcc -E  conftest.c
configure:7487: $? = 0
configure:7501: gcc -E  conftest.c
conftest.c:11:28: fatal error: ac_nonexistent.h: No such file or directory
 #include <ac_nonexistent.h>
                            ^
compilation terminated.
configure:7501: $? = 1
configure: failed program was:
| /* confdefs.h */
| #define PACKAGE_NAME "libusb"
| #define PACKAGE_TARNAME "libusb"
| #define PACKAGE_VERSION "1.0.20"
| #define PACKAGE_STRING "libusb 1.0.20"
| #define PACKAGE_BUGREPORT "libusb-devel@lists.sourceforge.net"
| #define PACKAGE_URL "http://libusb.info"
| #define PACKAGE "libusb"
| #define VERSION "1.0.20"
| /* end confdefs.h.  */
| #include <ac_nonexistent.h>
configure:7530: checking for ANSI C header files
configure:7550: gcc -c -g -O2  conftest.c >&5
configure:7550: $? = 0
configure:7623: gcc -o conftest.exe -g -O2   conftest.c  >&5
configure:7623: $? = 0
configure:7623: ./conftest.exe
configure:7623: $? = 0
configure:7634: result: yes
configure:7647: checking for sys/types.h
configure:7647: gcc -c -g -O2  conftest.c >&5
configure:7647: $? = 0
configure:7647: result: yes
configure:7647: checking for sys/stat.h
configure:7647: gcc -c -g -O2  conftest.c >&5
configure:7647: $? = 0
configure:7647: result: yes
configure:7647: checking for stdlib.h
configure:7647: gcc -c -g -O2  conftest.c >&5
configure:7647: $? = 0
configure:7647: result: yes
configure:7647: checking for string.h
configure:7647: gcc -c -g -O2  conftest.c >&5
configure:7647: $? = 0
configure:7647: result: yes
configure:7647: checking for memory.h
configure:7647: gcc -c -g -O2  conftest.c >&5
configure:7647: $? = 0
configure:7647: result: yes
configure:7647: checking for strings.h
configure:7647: gcc -c -g -O2  conftest.c >&5
configure:7647: $? = 0
configure:7647: result: yes
configure:7647: checking for inttypes.h
configure:7647: gcc -c -g -O2  conftest.c >&5
configure:7647: $? = 0
configure:7647: result: yes
configure:7647: checking for stdint.h
configure:7647: gcc -c -g -O2  conftest.c >&5
configure:7647: $? = 0
configure:7647: result: yes
configure:7647: checking for unistd.h
configure:7647: gcc -c -g -O2  conftest.c >&5
configure:7647: $? = 0
configure:7647: result: yes
configure:7661: checking for dlfcn.h
configure:7661: gcc -c -g -O2  conftest.c >&5
configure:7661: $? = 0
configure:7661: result: yes
configure:7867: checking for objdir
configure:7882: result: .libs
configure:8153: checking if gcc supports -fno-rtti -fno-exceptions
configure:8171: gcc -c -g -O2  -fno-rtti -fno-exceptions conftest.c >&5
cc1.exe: warning: command line option '-fno-rtti' is valid for C++/ObjC++ but not for C [enabled by default]
configure:8175: $? = 0
configure:8188: result: no
configure:8515: checking for gcc option to produce PIC
configure:8522: result: -DDLL_EXPORT -DPIC
configure:8530: checking if gcc PIC flag -DDLL_EXPORT -DPIC works
configure:8548: gcc -c -g -O2  -DDLL_EXPORT -DPIC -DPIC conftest.c >&5
configure:8552: $? = 0
configure:8565: result: yes
configure:8594: checking if gcc static flag -static works
configure:8622: result: yes
configure:8637: checking if gcc supports -c -o file.o
configure:8658: gcc -c -g -O2  -o out/conftest2.o conftest.c >&5
configure:8662: $? = 0
configure:8684: result: yes
configure:8692: checking if gcc supports -c -o file.o
configure:8739: result: yes
configure:8772: checking whether the gcc linker (c:/mingw/mingw32/bin/ld.exe) supports shared libraries
configure:9925: result: yes
configure:9962: checking whether -lc should be explicitly linked in
configure:9970: gcc -c -g -O2  conftest.c >&5
configure:9973: $? = 0
configure:9988: gcc -shared conftest.o  -v -o ./conftest -Wl,--enable-auto-image-base -Xlinker --out-implib -Xlinker conftest 2\>\&1 \| /bin/grep  -lc  \>/dev/null 2\>\&1
configure:9991: $? = 1
configure:10005: result: yes
configure:10165: checking dynamic linker characteristics
configure:10902: result: Win32 ld.exe
configure:11009: checking how to hardcode library paths into programs
configure:11034: result: immediate
configure:11574: checking whether stripping libraries is possible
configure:11579: result: yes
configure:11614: checking if libtool supports shared libraries
configure:11616: result: yes
configure:11619: checking whether to build shared libraries
configure:11640: result: yes
configure:11643: checking whether to build static libraries
configure:11647: result: yes
configure:11727: checking for windres
configure:11743: found /c/MinGW/bin/windres
configure:11754: result: windres
configure:11861: checking for inline
configure:11877: gcc -c -g -O2  conftest.c >&5
configure:11877: $? = 0
configure:11885: result: inline
configure:11910: checking operating system
configure:11949: result: Windows
configure:12375: checking sys/timerfd.h usability
configure:12375: gcc -c -g -O2  conftest.c >&5
conftest.c:60:25: fatal error: sys/timerfd.h: No such file or directory
 #include <sys/timerfd.h>
                         ^
compilation terminated.
configure:12375: $? = 1
configure: failed program was:
| /* confdefs.h */
| #define PACKAGE_NAME "libusb"
| #define PACKAGE_TARNAME "libusb"
| #define PACKAGE_VERSION "1.0.20"
| #define PACKAGE_STRING "libusb 1.0.20"
| #define PACKAGE_BUGREPORT "libusb-devel@lists.sourceforge.net"
| #define PACKAGE_URL "http://libusb.info"
| #define PACKAGE "libusb"
| #define VERSION "1.0.20"
| #define STDC_HEADERS 1
| #define HAVE_SYS_TYPES_H 1
| #define HAVE_SYS_STAT_H 1
| #define HAVE_STDLIB_H 1
| #define HAVE_STRING_H 1
| #define HAVE_MEMORY_H 1
| #define HAVE_STRINGS_H 1
| #define HAVE_INTTYPES_H 1
| #define HAVE_STDINT_H 1
| #define HAVE_UNISTD_H 1
| #define HAVE_DLFCN_H 1
| #define LT_OBJDIR ".libs/"
| #define _GNU_SOURCE 1
| #define OS_WINDOWS 1
| #define POLL_NFDS_TYPE unsigned int
| #define WINVER 0x0501
| /* end confdefs.h.  */
| #include <stdio.h>
| #ifdef HAVE_SYS_TYPES_H
| # include <sys/types.h>
| #endif
| #ifdef HAVE_SYS_STAT_H
| # include <sys/stat.h>
| #endif
| #ifdef STDC_HEADERS
| # include <stdlib.h>
| # include <stddef.h>
| #else
| # ifdef HAVE_STDLIB_H
| #  include <stdlib.h>
| # endif
| #endif
| #ifdef HAVE_STRING_H
| # if !defined STDC_HEADERS && defined HAVE_MEMORY_H
| #  include <memory.h>
| # endif
| # include <string.h>
| #endif
| #ifdef HAVE_STRINGS_H
| # include <strings.h>
| #endif
| #ifdef HAVE_INTTYPES_H
| # include <inttypes.h>
| #endif
| #ifdef HAVE_STDINT_H
| # include <stdint.h>
| #endif
| #ifdef HAVE_UNISTD_H
| # include <unistd.h>
| #endif
| #include <sys/timerfd.h>
configure:12375: result: no
configure:12375: checking sys/timerfd.h presence
configure:12375: gcc -E  conftest.c
conftest.c:27:25: fatal error: sys/timerfd.h: No such file or directory
 #include <sys/timerfd.h>
                         ^
compilation terminated.
configure:12375: $? = 1
configure: failed program was:
| /* confdefs.h */
| #define PACKAGE_NAME "libusb"
| #define PACKAGE_TARNAME "libusb"
| #define PACKAGE_VERSION "1.0.20"
| #define PACKAGE_STRING "libusb 1.0.20"
| #define PACKAGE_BUGREPORT "libusb-devel@lists.sourceforge.net"
| #define PACKAGE_URL "http://libusb.info"
| #define PACKAGE "libusb"
| #define VERSION "1.0.20"
| #define STDC_HEADERS 1
| #define HAVE_SYS_TYPES_H 1
| #define HAVE_SYS_STAT_H 1
| #define HAVE_STDLIB_H 1
| #define HAVE_STRING_H 1
| #define HAVE_MEMORY_H 1
| #define HAVE_STRINGS_H 1
| #define HAVE_INTTYPES_H 1
| #define HAVE_STDINT_H 1
| #define HAVE_UNISTD_H 1
| #define HAVE_DLFCN_H 1
| #define LT_OBJDIR ".libs/"
| #define _GNU_SOURCE 1
| #define OS_WINDOWS 1
| #define POLL_NFDS_TYPE unsigned int
| #define WINVER 0x0501
| /* end confdefs.h.  */
| #include <sys/timerfd.h>
configure:12375: result: no
configure:12375: checking for sys/timerfd.h
configure:12375: result: no
configure:12395: checking whether TFD_NONBLOCK is declared
configure:12395: gcc -c -g -O2  conftest.c >&5
conftest.c:27:25: fatal error: sys/timerfd.h: No such file or directory
 #include <sys/timerfd.h>
                         ^
compilation terminated.
configure:12395: $? = 1
configure: failed program was:
| /* confdefs.h */
| #define PACKAGE_NAME "libusb"
| #define PACKAGE_TARNAME "libusb"
| #define PACKAGE_VERSION "1.0.20"
| #define PACKAGE_STRING "libusb 1.0.20"
| #define PACKAGE_BUGREPORT "libusb-devel@lists.sourceforge.net"
| #define PACKAGE_URL "http://libusb.info"
| #define PACKAGE "libusb"
| #define VERSION "1.0.20"
| #define STDC_HEADERS 1
| #define HAVE_SYS_TYPES_H 1
| #define HAVE_SYS_STAT_H 1
| #define HAVE_STDLIB_H 1
| #define HAVE_STRING_H 1
| #define HAVE_MEMORY_H 1
| #define HAVE_STRINGS_H 1
| #define HAVE_INTTYPES_H 1
| #define HAVE_STDINT_H 1
| #define HAVE_UNISTD_H 1
| #define HAVE_DLFCN_H 1
| #define LT_OBJDIR ".libs/"
| #define _GNU_SOURCE 1
| #define OS_WINDOWS 1
| #define POLL_NFDS_TYPE unsigned int
| #define WINVER 0x0501
| /* end confdefs.h.  */
| #include <sys/timerfd.h>
| 
| int
| main ()
| {
| #ifndef TFD_NONBLOCK
| #ifdef __cplusplus
|   (void) TFD_NONBLOCK;
| #else
|   (void) TFD_NONBLOCK;
| #endif
| #endif
| 
|   ;
|   return 0;
| }
configure:12395: result: no
configure:12407: checking whether to use timerfd for timing
configure:12420: result: no (header not available)
configure:12425: checking for struct timespec
configure:12425: gcc -c -g -O2  conftest.c >&5
configure:12425: $? = 0
configure:12425: gcc -c -g -O2  conftest.c >&5
conftest.c: In function 'main':
conftest.c:63:30: error: expected expression before ')' token
 if (sizeof ((struct timespec)))
                              ^
configure:12425: $? = 1
configure: failed program was:
| /* confdefs.h */
| #define PACKAGE_NAME "libusb"
| #define PACKAGE_TARNAME "libusb"
| #define PACKAGE_VERSION "1.0.20"
| #define PACKAGE_STRING "libusb 1.0.20"
| #define PACKAGE_BUGREPORT "libusb-devel@lists.sourceforge.net"
| #define PACKAGE_URL "http://libusb.info"
| #define PACKAGE "libusb"
| #define VERSION "1.0.20"
| #define STDC_HEADERS 1
| #define HAVE_SYS_TYPES_H 1
| #define HAVE_SYS_STAT_H 1
| #define HAVE_STDLIB_H 1
| #define HAVE_STRING_H 1
| #define HAVE_MEMORY_H 1
| #define HAVE_STRINGS_H 1
| #define HAVE_INTTYPES_H 1
| #define HAVE_STDINT_H 1
| #define HAVE_UNISTD_H 1
| #define HAVE_DLFCN_H 1
| #define LT_OBJDIR ".libs/"
| #define _GNU_SOURCE 1
| #define OS_WINDOWS 1
| #define POLL_NFDS_TYPE unsigned int
| #define WINVER 0x0501
| /* end confdefs.h.  */
| #include <stdio.h>
| #ifdef HAVE_SYS_TYPES_H
| # include <sys/types.h>
| #endif
| #ifdef HAVE_SYS_STAT_H
| # include <sys/stat.h>
| #endif
| #ifdef STDC_HEADERS
| # include <stdlib.h>
| # include <stddef.h>
| #else
| # ifdef HAVE_STDLIB_H
| #  include <stdlib.h>
| # endif
| #endif
| #ifdef HAVE_STRING_H
| # if !defined STDC_HEADERS && defined HAVE_MEMORY_H
| #  include <memory.h>
| # endif
| # include <string.h>
| #endif
| #ifdef HAVE_STRINGS_H
| # include <strings.h>
| #endif
| #ifdef HAVE_INTTYPES_H
| # include <inttypes.h>
| #endif
| #ifdef HAVE_STDINT_H
| # include <stdint.h>
| #endif
| #ifdef HAVE_UNISTD_H
| # include <unistd.h>
| #endif
| int
| main ()
| {
| if (sizeof ((struct timespec)))
| 	    return 0;
|   ;
|   return 0;
| }
configure:12425: result: yes
configure:12479: checking syslog.h usability
configure:12479: gcc -c -g -O2  conftest.c >&5
conftest.c:62:20: fatal error: syslog.h: No such file or directory
 #include <syslog.h>
                    ^
compilation terminated.
configure:12479: $? = 1
configure: failed program was:
| /* confdefs.h */
| #define PACKAGE_NAME "libusb"
| #define PACKAGE_TARNAME "libusb"
| #define PACKAGE_VERSION "1.0.20"
| #define PACKAGE_STRING "libusb 1.0.20"
| #define PACKAGE_BUGREPORT "libusb-devel@lists.sourceforge.net"
| #define PACKAGE_URL "http://libusb.info"
| #define PACKAGE "libusb"
| #define VERSION "1.0.20"
| #define STDC_HEADERS 1
| #define HAVE_SYS_TYPES_H 1
| #define HAVE_SYS_STAT_H 1
| #define HAVE_STDLIB_H 1
| #define HAVE_STRING_H 1
| #define HAVE_MEMORY_H 1
| #define HAVE_STRINGS_H 1
| #define HAVE_INTTYPES_H 1
| #define HAVE_STDINT_H 1
| #define HAVE_UNISTD_H 1
| #define HAVE_DLFCN_H 1
| #define LT_OBJDIR ".libs/"
| #define _GNU_SOURCE 1
| #define OS_WINDOWS 1
| #define POLL_NFDS_TYPE unsigned int
| #define WINVER 0x0501
| #define HAVE_STRUCT_TIMESPEC 1
| #define ENABLE_LOGGING 1
| /* end confdefs.h.  */
| #include <stdio.h>
| #ifdef HAVE_SYS_TYPES_H
| # include <sys/types.h>
| #endif
| #ifdef HAVE_SYS_STAT_H
| # include <sys/stat.h>
| #endif
| #ifdef STDC_HEADERS
| # include <stdlib.h>
| # include <stddef.h>
| #else
| # ifdef HAVE_STDLIB_H
| #  include <stdlib.h>
| # endif
| #endif
| #ifdef HAVE_STRING_H
| # if !defined STDC_HEADERS && defined HAVE_MEMORY_H
| #  include <memory.h>
| # endif
| # include <string.h>
| #endif
| #ifdef HAVE_STRINGS_H
| # include <strings.h>
| #endif
| #ifdef HAVE_INTTYPES_H
| # include <inttypes.h>
| #endif
| #ifdef HAVE_STDINT_H
| # include <stdint.h>
| #endif
| #ifdef HAVE_UNISTD_H
| # include <unistd.h>
| #endif
| #include <syslog.h>
configure:12479: result: no
configure:12479: checking syslog.h presence
configure:12479: gcc -E  conftest.c
conftest.c:29:20: fatal error: syslog.h: No such file or directory
 #include <syslog.h>
                    ^
compilation terminated.
configure:12479: $? = 1
configure: failed program was:
| /* confdefs.h */
| #define PACKAGE_NAME "libusb"
| #define PACKAGE_TARNAME "libusb"
| #define PACKAGE_VERSION "1.0.20"
| #define PACKAGE_STRING "libusb 1.0.20"
| #define PACKAGE_BUGREPORT "libusb-devel@lists.sourceforge.net"
| #define PACKAGE_URL "http://libusb.info"
| #define PACKAGE "libusb"
| #define VERSION "1.0.20"
| #define STDC_HEADERS 1
| #define HAVE_SYS_TYPES_H 1
| #define HAVE_SYS_STAT_H 1
| #define HAVE_STDLIB_H 1
| #define HAVE_STRING_H 1
| #define HAVE_MEMORY_H 1
| #define HAVE_STRINGS_H 1
| #define HAVE_INTTYPES_H 1
| #define HAVE_STDINT_H 1
| #define HAVE_UNISTD_H 1
| #define HAVE_DLFCN_H 1
| #define LT_OBJDIR ".libs/"
| #define _GNU_SOURCE 1
| #define OS_WINDOWS 1
| #define POLL_NFDS_TYPE unsigned int
| #define WINVER 0x0501
| #define HAVE_STRUCT_TIMESPEC 1
| #define ENABLE_LOGGING 1
| /* end confdefs.h.  */
| #include <syslog.h>
configure:12479: result: no
configure:12479: checking for syslog.h
configure:12479: result: no
configure:12489: checking for syslog
configure:12489: gcc -o conftest.exe -g -O2   conftest.c  >&5
C:\Users\User\AppData\Local\Temp\ccgOvFjS.o: In function `main':
c:\College_Stuff\Degree_yr3_sem1\Agile\Flash_Loader\libusb-1.0.20/conftest.c:63: undefined reference to `syslog'
collect2.exe: error: ld returned 1 exit status
configure:12489: $? = 1
configure: failed program was:
| /* confdefs.h */
| #define PACKAGE_NAME "libusb"
| #define PACKAGE_TARNAME "libusb"
| #define PACKAGE_VERSION "1.0.20"
| #define PACKAGE_STRING "libusb 1.0.20"
| #define PACKAGE_BUGREPORT "libusb-devel@lists.sourceforge.net"
| #define PACKAGE_URL "http://libusb.info"
| #define PACKAGE "libusb"
| #define VERSION "1.0.20"
| #define STDC_HEADERS 1
| #define HAVE_SYS_TYPES_H 1
| #define HAVE_SYS_STAT_H 1
| #define HAVE_STDLIB_H 1
| #define HAVE_STRING_H 1
| #define HAVE_MEMORY_H 1
| #define HAVE_STRINGS_H 1
| #define HAVE_INTTYPES_H 1
| #define HAVE_STDINT_H 1
| #define HAVE_UNISTD_H 1
| #define HAVE_DLFCN_H 1
| #define LT_OBJDIR ".libs/"
| #define _GNU_SOURCE 1
| #define OS_WINDOWS 1
| #define POLL_NFDS_TYPE unsigned int
| #define WINVER 0x0501
| #define HAVE_STRUCT_TIMESPEC 1
| #define ENABLE_LOGGING 1
| /* end confdefs.h.  */
| /* Define syslog to an innocuous variant, in case <limits.h> declares syslog.
|    For example, HP-UX 11i <limits.h> declares gettimeofday.  */
| #define syslog innocuous_syslog
| 
| /* System header to define __stub macros and hopefully few prototypes,
|     which can conflict with char syslog (); below.
|     Prefer <limits.h> to <assert.h> if __STDC__ is defined, since
|     <limits.h> exists even on freestanding compilers.  */
| 
| #ifdef __STDC__
| # include <limits.h>
| #else
| # include <assert.h>
| #endif
| 
| #undef syslog
| 
| /* Override any GCC internal prototype to avoid an error.
|    Use char because int might match the return type of a GCC
|    builtin and then its argument prototype would still apply.  */
| #ifdef __cplusplus
| extern "C"
| #endif
| char syslog ();
| /* The GNU C library defines this for functions which it implements
|     to always fail with ENOSYS.  Some functions are actually named
|     something starting with __ and the normal name is an alias.  */
| #if defined __stub_syslog || defined __stub___syslog
| choke me
| #endif
| 
| int
| main ()
| {
| return syslog ();
|   ;
|   return 0;
| }
configure:12489: result: no
configure:12551: gcc -c -g -O2 -Werror -fvisibility=hidden  conftest.c >&5
configure:12551: $? = 0
configure:12579: gcc -c -g -O2 -Wno-pointer-sign  conftest.c >&5
configure:12579: $? = 0
configure:12588: checking for sigaction
configure:12588: gcc -o conftest.exe -g -O2   conftest.c  >&5
C:\Users\User\AppData\Local\Temp\ccAxwZtM.o: In function `main':
c:\College_Stuff\Degree_yr3_sem1\Agile\Flash_Loader\libusb-1.0.20/conftest.c:64: undefined reference to `sigaction'
collect2.exe: error: ld returned 1 exit status
configure:12588: $? = 1
configure: failed program was:
| /* confdefs.h */
| #define PACKAGE_NAME "libusb"
| #define PACKAGE_TARNAME "libusb"
| #define PACKAGE_VERSION "1.0.20"
| #define PACKAGE_STRING "libusb 1.0.20"
| #define PACKAGE_BUGREPORT "libusb-devel@lists.sourceforge.net"
| #define PACKAGE_URL "http://libusb.info"
| #define PACKAGE "libusb"
| #define VERSION "1.0.20"
| #define STDC_HEADERS 1
| #define HAVE_SYS_TYPES_H 1
| #define HAVE_SYS_STAT_H 1
| #define HAVE_STDLIB_H 1
| #define HAVE_STRING_H 1
| #define HAVE_MEMORY_H 1
| #define HAVE_STRINGS_H 1
| #define HAVE_INTTYPES_H 1
| #define HAVE_STDINT_H 1
| #define HAVE_UNISTD_H 1
| #define HAVE_DLFCN_H 1
| #define LT_OBJDIR ".libs/"
| #define _GNU_SOURCE 1
| #define OS_WINDOWS 1
| #define POLL_NFDS_TYPE unsigned int
| #define WINVER 0x0501
| #define HAVE_STRUCT_TIMESPEC 1
| #define ENABLE_LOGGING 1
| #define DEFAULT_VISIBILITY __attribute__((visibility("default")))
| /* end confdefs.h.  */
| /* Define sigaction to an innocuous variant, in case <limits.h> declares sigaction.
|    For example, HP-UX 11i <limits.h> declares gettimeofday.  */
| #define sigaction innocuous_sigaction
| 
| /* System header to define __stub macros and hopefully few prototypes,
|     which can conflict with char sigaction (); below.
|     Prefer <limits.h> to <assert.h> if __STDC__ is defined, since
|     <limits.h> exists even on freestanding compilers.  */
| 
| #ifdef __STDC__
| # include <limits.h>
| #else
| # include <assert.h>
| #endif
| 
| #undef sigaction
| 
| /* Override any GCC internal prototype to avoid an error.
|    Use char because int might match the return type of a GCC
|    builtin and then its argument prototype would still apply.  */
| #ifdef __cplusplus
| extern "C"
| #endif
| char sigaction ();
| /* The GNU C library defines this for functions which it implements
|     to always fail with ENOSYS.  Some functions are actually named
|     something starting with __ and the normal name is an alias.  */
| #if defined __stub_sigaction || defined __stub___sigaction
| choke me
| #endif
| 
| int
| main ()
| {
| return sigaction ();
|   ;
|   return 0;
| }
configure:12588: result: no
configure:12607: checking sys/time.h usability
configure:12607: gcc -c -g -O2  conftest.c >&5
configure:12607: $? = 0
configure:12607: result: yes
configure:12607: checking sys/time.h presence
configure:12607: gcc -E  conftest.c
configure:12607: $? = 0
configure:12607: result: yes
configure:12607: checking for sys/time.h
configure:12607: result: yes
configure:12619: checking for gettimeofday
configure:12619: gcc -o conftest.exe -g -O2   conftest.c  >&5
configure:12619: $? = 0
configure:12619: result: yes
configure:12630: checking signal.h usability
configure:12630: gcc -c -g -O2  conftest.c >&5
configure:12630: $? = 0
configure:12630: result: yes
configure:12630: checking signal.h presence
configure:12630: gcc -E  conftest.c
configure:12630: $? = 0
configure:12630: result: yes
configure:12630: checking for signal.h
configure:12630: result: yes
configure:12644: checking whether CC supports -std=gnu99
configure:12657: gcc -c -std=gnu99  conftest.c >&5
configure:12657: $? = 0
configure:12658: result: yes
configure:12797: checking that generated files are newer than configure
configure:12803: result: done
configure:12878: creating ./config.status

## ---------------------- ##
## Running config.status. ##
## ---------------------- ##

This file was extended by libusb config.status 1.0.20, which was
generated by GNU Autoconf 2.69.  Invocation command line was

  CONFIG_FILES    = 
  CONFIG_HEADERS  = 
  CONFIG_LINKS    = 
  CONFIG_COMMANDS = 
  $ ./config.status 

on JS

config.status:1193: creating libusb-1.0.pc
config.status:1193: creating Makefile
config.status:1193: creating libusb/Makefile
config.status:1193: creating examples/Makefile
config.status:1193: creating tests/Makefile
config.status:1193: creating doc/Makefile
config.status:1193: creating doc/doxygen.cfg
config.status:1193: creating config.h
config.status:1374: config.h is unchanged
config.status:1422: executing depfiles commands
config.status:1422: executing libtool commands

## ---------------- ##
## Cache variables. ##
## ---------------- ##

ac_cv_build=i686-pc-mingw32
ac_cv_c_compiler_gnu=yes
ac_cv_c_inline=inline
ac_cv_env_CC_set=
ac_cv_env_CC_value=
ac_cv_env_CFLAGS_set=
ac_cv_env_CFLAGS_value=
ac_cv_env_CPPFLAGS_set=
ac_cv_env_CPPFLAGS_value=
ac_cv_env_CPP_set=
ac_cv_env_CPP_value=
ac_cv_env_LDFLAGS_set=
ac_cv_env_LDFLAGS_value=
ac_cv_env_LIBS_set=
ac_cv_env_LIBS_value=
ac_cv_env_build_alias_set=
ac_cv_env_build_alias_value=
ac_cv_env_host_alias_set=
ac_cv_env_host_alias_value=
ac_cv_env_target_alias_set=
ac_cv_env_target_alias_value=
ac_cv_exeext=.exe
ac_cv_func_gettimeofday=yes
ac_cv_func_sigaction=no
ac_cv_func_syslog=no
ac_cv_have_decl_TFD_NONBLOCK=no
ac_cv_header_dlfcn_h=yes
ac_cv_header_inttypes_h=yes
ac_cv_header_memory_h=yes
ac_cv_header_signal_h=yes
ac_cv_header_stdc=yes
ac_cv_header_stdint_h=yes
ac_cv_header_stdlib_h=yes
ac_cv_header_string_h=yes
ac_cv_header_strings_h=yes
ac_cv_header_sys_stat_h=yes
ac_cv_header_sys_time_h=yes
ac_cv_header_sys_timerfd_h=no
ac_cv_header_sys_types_h=yes
ac_cv_header_syslog_h=no
ac_cv_header_unistd_h=yes
ac_cv_host=i686-pc-mingw32
ac_cv_objext=o
ac_cv_path_EGREP='/bin/grep -E'
ac_cv_path_FGREP='/bin/grep -F'
ac_cv_path_GREP=/bin/grep
ac_cv_path_SED=/bin/sed
ac_cv_path_install='/bin/install -c'
ac_cv_path_mkdir=/bin/mkdir
ac_cv_prog_AWK=gawk
ac_cv_prog_CPP='gcc -E'
ac_cv_prog_ac_ct_AR=ar
ac_cv_prog_ac_ct_CC=gcc
ac_cv_prog_ac_ct_DLLTOOL=dlltool
ac_cv_prog_ac_ct_OBJDUMP=objdump
ac_cv_prog_ac_ct_RANLIB=ranlib
ac_cv_prog_ac_ct_RC=windres
ac_cv_prog_ac_ct_STRIP=strip
ac_cv_prog_cc_c89=
ac_cv_prog_cc_g=yes
ac_cv_prog_make_make_set=yes
ac_cv_type_struct_timespec=yes
am_cv_CC_dependencies_compiler_type=gcc3
am_cv_make_support_nested_variables=yes
am_cv_prog_cc_c_o=yes
lt_cv_ar_at_file=@
lt_cv_archive_cmds_need_lc=yes
lt_cv_deplibs_check_method='file_magic ^x86 archive import|^x86 DLL'
lt_cv_file_magic_cmd=func_win32_libid
lt_cv_file_magic_test_file=
lt_cv_ld_reload_flag=-r
lt_cv_nm_interface='BSD nm'
lt_cv_objdir=.libs
lt_cv_path_LD=c:/mingw/mingw32/bin/ld.exe
lt_cv_path_NM=/c/MinGW/bin/nm
lt_cv_path_mainfest_tool=no
lt_cv_prog_compiler_c_o=yes
lt_cv_prog_compiler_c_o_RC=yes
lt_cv_prog_compiler_pic='-DDLL_EXPORT -DPIC'
lt_cv_prog_compiler_pic_works=yes
lt_cv_prog_compiler_rtti_exceptions=no
lt_cv_prog_compiler_static_works=yes
lt_cv_prog_gnu_ld=yes
lt_cv_sharedlib_from_linklib_cmd=func_cygming_dll_for_implib
lt_cv_sys_global_symbol_pipe='sed -n -e '\''s/^.*[	 ]\([ABCDGIRSTW][ABCDGIRSTW]*\)[	 ][	 ]*_\([_A-Za-z][_A-Za-z0-9]*\)\{0,1\}$/\1 _\2 \2/p'\'' | sed '\''/ __gnu_lto/d'\'''
lt_cv_sys_global_symbol_to_c_name_address='sed -n -e '\''s/^: \([^ ]*\)[ ]*$/  {\"\1\", (void *) 0},/p'\'' -e '\''s/^[ABCDGIRSTW]* \([^ ]*\) \([^ ]*\)$/  {"\2", (void *) \&\2},/p'\'''
lt_cv_sys_global_symbol_to_c_name_address_lib_prefix='sed -n -e '\''s/^: \([^ ]*\)[ ]*$/  {\"\1\", (void *) 0},/p'\'' -e '\''s/^[ABCDGIRSTW]* \([^ ]*\) \(lib[^ ]*\)$/  {"\2", (void *) \&\2},/p'\'' -e '\''s/^[ABCDGIRSTW]* \([^ ]*\) \([^ ]*\)$/  {"lib\2", (void *) \&\2},/p'\'''
lt_cv_sys_global_symbol_to_cdecl='sed -n -e '\''s/^T .* \(.*\)$/extern int \1();/p'\'' -e '\''s/^[ABCDGIRSTW]* .* \(.*\)$/extern char \1;/p'\'''
lt_cv_sys_max_cmd_len=8192
lt_cv_to_host_file_cmd=func_convert_file_msys_to_w32
lt_cv_to_tool_file_cmd=func_convert_file_msys_to_w32

## ----------------- ##
## Output variables. ##
## ----------------- ##

ACLOCAL='${SHELL} /C/College_Stuff/Degree_yr3_sem1/Agile/Flash_Loader/libusb-1.0.20/missing aclocal-1.15'
AMDEPBACKSLASH='\'
AMDEP_FALSE='#'
AMDEP_TRUE=''
AMTAR='$${TAR-tar}'
AM_BACKSLASH='\'
AM_CFLAGS=' -fno-omit-frame-pointer -std=gnu99 -Wall -Wundef -Wunused -Wstrict-prototypes -Werror-implicit-function-declaration -Wno-pointer-sign -Wshadow  -fvisibility=hidden'
AM_DEFAULT_V='$(AM_DEFAULT_VERBOSITY)'
AM_DEFAULT_VERBOSITY='0'
AM_V='$(V)'
AR='ar'
AUTOCONF='${SHELL} /C/College_Stuff/Degree_yr3_sem1/Agile/Flash_Loader/libusb-1.0.20/missing autoconf'
AUTOHEADER='${SHELL} /C/College_Stuff/Degree_yr3_sem1/Agile/Flash_Loader/libusb-1.0.20/missing autoheader'
AUTOMAKE='${SHELL} /C/College_Stuff/Degree_yr3_sem1/Agile/Flash_Loader/libusb-1.0.20/missing automake-1.15'
AWK='gawk'
BUILD_EXAMPLES_FALSE=''
BUILD_EXAMPLES_TRUE='#'
BUILD_TESTS_FALSE=''
BUILD_TESTS_TRUE='#'
CC='gcc'
CCDEPMODE='depmode=gcc3'
CFLAGS='-g -O2'
CPP='gcc -E'
CPPFLAGS=''
CREATE_IMPORT_LIB_FALSE='#'
CREATE_IMPORT_LIB_TRUE=''
CYGPATH_W='echo'
DEFS='-DHAVE_CONFIG_H'
DEPDIR='.deps'
DLLTOOL='dlltool'
DSYMUTIL=''
DUMPBIN=''
ECHO_C=''
ECHO_N='-n'
ECHO_T=''
EGREP='/bin/grep -E'
EXEEXT='.exe'
FGREP='/bin/grep -F'
GREP='/bin/grep'
HAVE_SIGACTION_FALSE=''
HAVE_SIGACTION_TRUE='#'
INSTALL_DATA='${INSTALL} -m 644'
INSTALL_PROGRAM='${INSTALL}'
INSTALL_SCRIPT='${INSTALL}'
INSTALL_STRIP_PROGRAM='$(install_sh) -c -s'
LD='c:/mingw/mingw32/bin/ld.exe'
LDFLAGS=''
LIBOBJS=''
LIBS=''
LIBTOOL='$(SHELL) $(top_builddir)/libtool'
LIPO=''
LN_S='cp -pR'
LTLDFLAGS='-version-info 1:0:1 -no-undefined -avoid-version -Wl,--add-stdcall-alias'
LTLIBOBJS=''
MAINT='#'
MAINTAINER_MODE_FALSE=''
MAINTAINER_MODE_TRUE='#'
MAKEINFO='${SHELL} /C/College_Stuff/Degree_yr3_sem1/Agile/Flash_Loader/libusb-1.0.20/missing makeinfo'
MANIFEST_TOOL=':'
MKDIR_P='/bin/mkdir -p'
NM='/c/MinGW/bin/nm'
NMEDIT=''
OBJDUMP='objdump'
OBJEXT='o'
OS_DARWIN=''
OS_DARWIN_FALSE=''
OS_DARWIN_TRUE='#'
OS_HAIKU=''
OS_HAIKU_FALSE=''
OS_HAIKU_TRUE='#'
OS_LINUX=''
OS_LINUX_FALSE=''
OS_LINUX_TRUE='#'
OS_NETBSD=''
OS_NETBSD_FALSE=''
OS_NETBSD_TRUE='#'
OS_OPENBSD=''
OS_OPENBSD_FALSE=''
OS_OPENBSD_TRUE='#'
OS_WINDOWS=''
OS_WINDOWS_FALSE='#'
OS_WINDOWS_TRUE=''
OTOOL64=''
OTOOL=''
PACKAGE='libusb'
PACKAGE_BUGREPORT='libusb-devel@lists.sourceforge.net'
PACKAGE_NAME='libusb'
PACKAGE_STRING='libusb 1.0.20'
PACKAGE_TARNAME='libusb'
PACKAGE_URL='http://libusb.info'
PACKAGE_VERSION='1.0.20'
PATH_SEPARATOR=':'
RANLIB='ranlib'
RC='windres'
SED='/bin/sed'
SET_MAKE=''
SHELL='/bin/sh'
STRIP='strip'
THREADS_POSIX_FALSE=''
THREADS_POSIX_TRUE='#'
USE_UDEV=''
USE_UDEV_FALSE=''
USE_UDEV_TRUE='#'
VERSION='1.0.20'
ac_ct_AR='ar'
ac_ct_CC='gcc'
ac_ct_DUMPBIN=''
am__EXEEXT_FALSE='#'
am__EXEEXT_TRUE=''
am__fastdepCC_FALSE='#'
am__fastdepCC_TRUE=''
am__include='include'
am__isrc=''
am__leading_dot='.'
am__nodep='_no'
am__quote=''
am__tar='$${TAR-tar} chof - "$$tardir"'
am__untar='$${TAR-tar} xf -'
bindir='${exec_prefix}/bin'
build='i686-pc-mingw32'
build_alias=''
build_cpu='i686'
build_os='mingw32'
build_vendor='pc'
datadir='${datarootdir}'
datarootdir='${prefix}/share'
docdir='${datarootdir}/doc/${PACKAGE_TARNAME}'
dvidir='${docdir}'
exec_prefix='${prefix}'
host='i686-pc-mingw32'
host_alias=''
host_cpu='i686'
host_os='mingw32'
host_vendor='pc'
htmldir='${docdir}'
includedir='${prefix}/include'
infodir='${datarootdir}/info'
install_sh='${SHELL} /C/College_Stuff/Degree_yr3_sem1/Agile/Flash_Loader/libusb-1.0.20/install-sh'
libdir='${exec_prefix}/lib'
libexecdir='${exec_prefix}/libexec'
localedir='${datarootdir}/locale'
localstatedir='${prefix}/var'
mandir='${datarootdir}/man'
mkdir_p='$(MKDIR_P)'
oldincludedir='/usr/include'
pdfdir='${docdir}'
prefix='/usr/local'
program_transform_name='s,x,x,'
psdir='${docdir}'
sbindir='${exec_prefix}/sbin'
sharedstatedir='${prefix}/com'
subdirs=''
sysconfdir='${prefix}/etc'
target_alias=''

## ----------- ##
## confdefs.h. ##
## ----------- ##

/* confdefs.h */
#define PACKAGE_NAME "libusb"
#define PACKAGE_TARNAME "libusb"
#define PACKAGE_VERSION "1.0.20"
#define PACKAGE_STRING "libusb 1.0.20"
#define PACKAGE_BUGREPORT "libusb-devel@lists.sourceforge.net"
#define PACKAGE_URL "http://libusb.info"
#define PACKAGE "libusb"
#define VERSION "1.0.20"
#define STDC_HEADERS 1
#define HAVE_SYS_TYPES_H 1
#define HAVE_SYS_STAT_H 1
#define HAVE_STDLIB_H 1
#define HAVE_STRING_H 1
#define HAVE_MEMORY_H 1
#define HAVE_STRINGS_H 1
#define HAVE_INTTYPES_H 1
#define HAVE_STDINT_H 1
#define HAVE_UNISTD_H 1
#define HAVE_DLFCN_H 1
#define LT_OBJDIR ".libs/"
#define _GNU_SOURCE 1
#define OS_WINDOWS 1
#define POLL_NFDS_TYPE unsigned int
#define WINVER 0x0501
#define HAVE_STRUCT_TIMESPEC 1
#define ENABLE_LOGGING 1
#define DEFAULT_VISIBILITY __attribute__((visibility("default")))
#define HAVE_SYS_TIME_H 1
#define HAVE_GETTIMEOFDAY 1
#define HAVE_SIGNAL_H 1

configure: exit 0
